INFO: reading input Pk /global/homes/b/bzh/clamato-xcorr/vega/vega/models/PlanckDR16/PlanckDR16.fits
Reading data file /global/homes/b/bzh/clamato-xcorr/data/mcmc/../split-mcmc/mosdef/mosdef_lowmass.fits

INFO: reading input Pk /global/homes/b/bzh/clamato-xcorr/vega/vega/models/PlanckDR16/PlanckDR16.fits
Reading data file /global/homes/b/bzh/clamato-xcorr/data/mcmc/../split-mcmc/mosdef/mosdef_medmass.fits

INFO: reading input Pk /global/homes/b/bzh/clamato-xcorr/vega/vega/models/PlanckDR16/PlanckDR16.fits
Reading data file /global/homes/b/bzh/clamato-xcorr/data/mcmc/../split-mcmc/mosdef/mosdef_highmass.fits

Backend file /global/homes/b/bzh/clamato-xcorr/data/split-mcmc/mosdef/chain_mosdef_oned.hdf5 is empty: initializing a new chain.
INFO: reading input Pk /global/homes/b/bzh/clamato-xcorr/vega/vega/models/PlanckDR16/PlanckDR16.fits
Reading data file /global/homes/b/bzh/clamato-xcorr/data/mcmc/../split-mcmc/zDeep/zDeep_lowmass.fits

INFO: reading input Pk /global/homes/b/bzh/clamato-xcorr/vega/vega/models/PlanckDR16/PlanckDR16.fits
Reading data file /global/homes/b/bzh/clamato-xcorr/data/mcmc/../split-mcmc/zDeep/zDeep_medmass.fits

INFO: reading input Pk /global/homes/b/bzh/clamato-xcorr/vega/vega/models/PlanckDR16/PlanckDR16.fits
Reading data file /global/homes/b/bzh/clamato-xcorr/data/mcmc/../split-mcmc/zDeep/zDeep_highmass.fits

Backend file /global/homes/b/bzh/clamato-xcorr/data/split-mcmc/zDeep/chain_zDeep_oned.hdf5 is empty: initializing a new chain.
INFO: reading input Pk /global/homes/b/bzh/clamato-xcorr/vega/vega/models/PlanckDR16/PlanckDR16.fits
Reading data file /global/homes/b/bzh/clamato-xcorr/data/mcmc/../split-mcmc/vuds/vuds_lowmass.fits

INFO: reading input Pk /global/homes/b/bzh/clamato-xcorr/vega/vega/models/PlanckDR16/PlanckDR16.fits
Reading data file /global/homes/b/bzh/clamato-xcorr/data/mcmc/../split-mcmc/vuds/vuds_medmass.fits

INFO: reading input Pk /global/homes/b/bzh/clamato-xcorr/vega/vega/models/PlanckDR16/PlanckDR16.fits
Reading data file /global/homes/b/bzh/clamato-xcorr/data/mcmc/../split-mcmc/vuds/vuds_highmass.fits

Backend file /global/homes/b/bzh/clamato-xcorr/data/split-mcmc/vuds/chain_vuds_oned.hdf5 is empty: initializing a new chain.
INFO: reading input Pk /global/homes/b/bzh/clamato-xcorr/vega/vega/models/PlanckDR16/PlanckDR16.fits
Reading data file /global/homes/b/bzh/clamato-xcorr/data/mcmc/../split-mcmc/clamato/clamato_lowmass.fits

INFO: reading input Pk /global/homes/b/bzh/clamato-xcorr/vega/vega/models/PlanckDR16/PlanckDR16.fits
Reading data file /global/homes/b/bzh/clamato-xcorr/data/mcmc/../split-mcmc/clamato/clamato_medmass.fits

INFO: reading input Pk /global/homes/b/bzh/clamato-xcorr/vega/vega/models/PlanckDR16/PlanckDR16.fits
Reading data file /global/homes/b/bzh/clamato-xcorr/data/mcmc/../split-mcmc/clamato/clamato_highmass.fits

Backend file /global/homes/b/bzh/clamato-xcorr/data/split-mcmc/clamato/chain_clamato_oned.hdf5 is empty: initializing a new chain.
INFO: reading input Pk /global/homes/b/bzh/clamato-xcorr/vega/vega/models/PlanckDR16/PlanckDR16.fits
Reading data file /global/homes/b/bzh/clamato-xcorr/data/mcmc/../split-mcmc/zDeep/zDeep_lowmass.fits

INFO: reading input Pk /global/homes/b/bzh/clamato-xcorr/vega/vega/models/PlanckDR16/PlanckDR16.fits
Reading data file /global/homes/b/bzh/clamato-xcorr/data/mcmc/../split-mcmc/zDeep/zDeep_medmass.fits

INFO: reading input Pk /global/homes/b/bzh/clamato-xcorr/vega/vega/models/PlanckDR16/PlanckDR16.fits
Reading data file /global/homes/b/bzh/clamato-xcorr/data/mcmc/../split-mcmc/zDeep/zDeep_highmass.fits

Backend file /global/homes/b/bzh/clamato-xcorr/data/split-mcmc/zDeep/chain_zDeep_oned.hdf5 is empty: initializing a new chain.
INFO: reading input Pk /global/homes/b/bzh/clamato-xcorr/vega/vega/models/PlanckDR16/PlanckDR16.fits
Reading data file /global/homes/b/bzh/clamato-xcorr/data/mcmc/../split-mcmc/vuds/vuds_lowmass.fits

INFO: reading input Pk /global/homes/b/bzh/clamato-xcorr/vega/vega/models/PlanckDR16/PlanckDR16.fits
Reading data file /global/homes/b/bzh/clamato-xcorr/data/mcmc/../split-mcmc/vuds/vuds_medmass.fits

INFO: reading input Pk /global/homes/b/bzh/clamato-xcorr/vega/vega/models/PlanckDR16/PlanckDR16.fits
Reading data file /global/homes/b/bzh/clamato-xcorr/data/mcmc/../split-mcmc/vuds/vuds_highmass.fits

Backend file /global/homes/b/bzh/clamato-xcorr/data/split-mcmc/vuds/chain_vuds_oned.hdf5 is empty: initializing a new chain.
INFO: reading input Pk /global/homes/b/bzh/clamato-xcorr/vega/vega/models/PlanckDR16/PlanckDR16.fits
Reading data file /global/homes/b/bzh/clamato-xcorr/data/mcmc/../split-mcmc/mosdef/mosdef_lowmass.fits

INFO: reading input Pk /global/homes/b/bzh/clamato-xcorr/vega/vega/models/PlanckDR16/PlanckDR16.fits
Reading data file /global/homes/b/bzh/clamato-xcorr/data/mcmc/../split-mcmc/mosdef/mosdef_medmass.fits

INFO: reading input Pk /global/homes/b/bzh/clamato-xcorr/vega/vega/models/PlanckDR16/PlanckDR16.fits
Reading data file /global/homes/b/bzh/clamato-xcorr/data/mcmc/../split-mcmc/mosdef/mosdef_highmass.fits

Backend file /global/homes/b/bzh/clamato-xcorr/data/split-mcmc/mosdef/chain_mosdef_oned.hdf5 is empty: initializing a new chain.
(n_iter // 50): 53 is >150% of maximum autocorrelation time: 35.0; terminating early.
(n_iter // 50): 52 is >150% of maximum autocorrelation time: 34.4; terminating early.
(n_iter // 50): 52 is >150% of maximum autocorrelation time: 34.2; terminating early.
(n_iter // 50): 50 is >150% of maximum autocorrelation time: 33.0; terminating early.
